26/05/16 15:28:05 WARN Utils: Your hostname, Cyhapun resolves to a loopback address: 127.0.1.1; using 10.255.255.254 instead (on interface lo)
26/05/16 15:28:05 WARN Utils: Set SPARK_LOCAL_IP if you need to bind to another address
26/05/16 15:28:06 INFO SparkContext: Running Spark version 3.5.1
26/05/16 15:28:06 INFO SparkContext: OS info Linux, 6.6.87.2-microsoft-standard-WSL2, amd64
26/05/16 15:28:06 INFO SparkContext: Java version 1.8.0_482
26/05/16 15:28:06 WARN NativeCodeLoader: Unable to load native-hadoop library for your platform... using builtin-java classes where applicable
26/05/16 15:28:06 INFO ResourceUtils: ==============================================================
26/05/16 15:28:06 INFO ResourceUtils: No custom resources configured for spark.driver.
26/05/16 15:28:06 INFO ResourceUtils: ==============================================================
26/05/16 15:28:06 INFO SparkContext: Submitted application: Task_2_2_StdDev_DynamicPercentile
26/05/16 15:28:06 INFO ResourceProfile: Default ResourceProfile created, executor resources: Map(cores -> name: cores, amount: 1, script: , vendor: , memory -> name: memory, amount: 1024, script: , vendor: , offHeap -> name: offHeap, amount: 0, script: , vendor: ), task resources: Map(cpus -> name: cpus, amount: 1.0)
26/05/16 15:28:06 INFO ResourceProfile: Limiting resource is cpu
26/05/16 15:28:06 INFO ResourceProfileManager: Added ResourceProfile id: 0
26/05/16 15:28:06 INFO SecurityManager: Changing view acls to: phuc
26/05/16 15:28:06 INFO SecurityManager: Changing modify acls to: phuc
26/05/16 15:28:06 INFO SecurityManager: Changing view acls groups to: 
26/05/16 15:28:06 INFO SecurityManager: Changing modify acls groups to: 
26/05/16 15:28:06 INFO SecurityManager: SecurityManager: authentication disabled; ui acls disabled; users with view permissions: phuc; groups with view permissions: EMPTY; users with modify permissions: phuc; groups with modify permissions: EMPTY
26/05/16 15:28:06 INFO Utils: Successfully started service 'sparkDriver' on port 44865.
26/05/16 15:28:06 INFO SparkEnv: Registering MapOutputTracker
26/05/16 15:28:06 INFO SparkEnv: Registering BlockManagerMaster
26/05/16 15:28:06 INFO BlockManagerMasterEndpoint: Using org.apache.spark.storage.DefaultTopologyMapper for getting topology information
26/05/16 15:28:06 INFO BlockManagerMasterEndpoint: BlockManagerMasterEndpoint up
26/05/16 15:28:06 INFO SparkEnv: Registering BlockManagerMasterHeartbeat
26/05/16 15:28:06 INFO DiskBlockManager: Created local directory at /tmp/blockmgr-32561948-35e9-4f92-97f2-0ade911970b0
26/05/16 15:28:06 INFO MemoryStore: MemoryStore started with capacity 366.3 MiB
26/05/16 15:28:06 INFO SparkEnv: Registering OutputCommitCoordinator
26/05/16 15:28:06 INFO JettyUtils: Start Jetty 0.0.0.0:4040 for SparkUI
26/05/16 15:28:06 INFO Utils: Successfully started service 'SparkUI' on port 4040.
26/05/16 15:28:06 INFO SparkContext: Added JAR file:/mnt/d/Schools/BigData/Lab03/BigData-Lab2-AdvancedMR-Spark/src/Task_2-2/Task_2_2.jar at spark://10.255.255.254:44865/jars/Task_2_2.jar with timestamp 1778945286090
26/05/16 15:28:07 INFO Executor: Starting executor ID driver on host 10.255.255.254
26/05/16 15:28:07 INFO Executor: OS info Linux, 6.6.87.2-microsoft-standard-WSL2, amd64
26/05/16 15:28:07 INFO Executor: Java version 1.8.0_482
26/05/16 15:28:07 INFO Executor: Starting executor with user classpath (userClassPathFirst = false): ''
26/05/16 15:28:07 INFO Executor: Created or updated repl class loader org.apache.spark.util.MutableURLClassLoader@f2ce6b for default.
26/05/16 15:28:07 INFO Executor: Fetching spark://10.255.255.254:44865/jars/Task_2_2.jar with timestamp 1778945286090
26/05/16 15:28:07 INFO TransportClientFactory: Successfully created connection to /10.255.255.254:44865 after 28 ms (0 ms spent in bootstraps)
26/05/16 15:28:07 INFO Utils: Fetching spark://10.255.255.254:44865/jars/Task_2_2.jar to /tmp/spark-86ed5fb7-adca-4aff-8bfa-77eb355b6f46/userFiles-e13d6f88-fd7b-43c0-a5f4-3b50487ae470/fetchFileTemp6384876554539110901.tmp
26/05/16 15:28:07 INFO Executor: Adding file:/tmp/spark-86ed5fb7-adca-4aff-8bfa-77eb355b6f46/userFiles-e13d6f88-fd7b-43c0-a5f4-3b50487ae470/Task_2_2.jar to class loader default
26/05/16 15:28:07 INFO Utils: Successfully started service 'org.apache.spark.network.netty.NettyBlockTransferService' on port 41419.
26/05/16 15:28:07 INFO NettyBlockTransferService: Server created on 10.255.255.254:41419
26/05/16 15:28:07 INFO BlockManager: Using org.apache.spark.storage.RandomBlockReplicationPolicy for block replication policy
26/05/16 15:28:07 INFO BlockManagerMaster: Registering BlockManager BlockManagerId(driver, 10.255.255.254, 41419, None)
26/05/16 15:28:07 INFO BlockManagerMasterEndpoint: Registering block manager 10.255.255.254:41419 with 366.3 MiB RAM, BlockManagerId(driver, 10.255.255.254, 41419, None)
26/05/16 15:28:07 INFO BlockManagerMaster: Registered BlockManager BlockManagerId(driver, 10.255.255.254, 41419, None)
26/05/16 15:28:07 INFO BlockManager: Initialized BlockManager: BlockManagerId(driver, 10.255.255.254, 41419, None)
TASK 2.2.2  -  Dynamic-Percentile Population Std Dev

[STEP 1] Loading and preparing data...
   Usable orders after filtering: 121180

[STEP 3] Benchmarking (5 runs each)...
   [approx] Run 1: 2204ms
   [approx] Run 2: 3675ms
   [approx] Run 3: 8256ms
   [approx] Run 4: 4469ms
   [approx] Run 5: 4367ms
   [exact]  Run 1: 7731ms
   [exact]  Run 2: 4773ms
   [exact]  Run 3: 4328ms
   [exact]  Run 4: 2460ms
   [exact]  Run 5: 2175ms

  Method                  Mean(ms)   Std(ms)
  Approach 1 (approx)       4594.2     2001.7
  Approach 2 (exact)        4293.4     1994.9

[STEP 4] Computing population stddev per SKU-Month group...

[STEP 5] Merging results and writing Parquet to HDFS...
   [OK] Data exported to single file: /lab2/output/Task_2-2.parquet

[STEP 6] Accuracy comparison: approx vs exact thresholds...
   Total SKU-Month groups         : 16345
   Groups with P80 mismatch       : 2948 (18.0%)
   Groups with P90 mismatch       : 1232 (7.5%)

   Sample P80 mismatches (top 5):
+---------------+-----+----------+---------+
|SKU            |Month|p80_approx|p80_exact|
+---------------+-----+----------+---------+
|JNE3618-KR-S   |4    |14        |19       |
|MEN5001-KR-XL  |4    |17        |24       |
|SET264-KR-NP-XL|4    |1         |10       |
|J0095-SET-L    |5    |1         |20       |
|J0186-SET-L    |5    |1         |19       |
+---------------+-----+----------+---------+
only showing top 5 rows


   Sample P90 mismatches (top 5):
+----------------+-----+----------+---------+
|SKU             |Month|p90_approx|p90_exact|
+----------------+-----+----------+---------+
|JNE3618-KR-S    |4    |19        |22       |
|SET264-KR-NP-XL |4    |1         |10       |
|JNE3645-TP-N-XXL|5    |22        |23       |
|J0285-SKD-XL    |6    |1         |26       |
|J0346-SET-XL    |4    |22        |29       |
+----------------+-----+----------+---------+
only showing top 5 rows


   Groups (P80) with different eligible order counts / stddev: 2948
+----------------+-----+------------+-----------+------------------+------------+
|SKU             |Month|count_approx|count_exact|stddev_approx     |stddev_exact|
+----------------+-----+------------+-----------+------------------+------------+
|MEN5001-KR-XL   |4    |3           |1          |0.0               |0.0         |
|JNE3618-KR-S    |4    |4           |3          |0.0               |0.0         |
|NW012-TP-PJ-XL  |4    |2           |1          |0.0               |0.0         |
|SET405-KR-NP-XS |4    |3           |1          |0.0               |0.0         |
|SET320-KR-NP-XXL|4    |13          |2          |23.623526534308123|27.5        |
|SET304-KR-DPT-XS|4    |27          |4          |14.10104627936663 |0.0         |
|J0331-KR-XXXL   |4    |5           |1          |4.0               |0.0         |
|J0117-TP-XXL    |4    |4           |2          |0.0               |0.0         |
|J0339-DR-XL     |4    |15          |10         |72.0892656518446  |86.7        |
|J0328-KR-L      |4    |3           |1          |0.0               |0.0         |
+----------------+-----+------------+-----------+------------------+------------+
only showing top 10 rows


   SKU-Month groups with > 1,000 orders: 0

[OK] Task 2.2.2 completed successfully.
  Output: /lab2/output/Task_2-2.parquet
